# JRE version: OpenJDK Runtime Environment (21.0.4) (build 21.0.4+-12508038-b607.1)
# Java VM: OpenJDK 64-Bit Server VM (21.0.4+-12508038-b607.1, mixed mode, tiered, compressed oops, compressed class ptrs, g1 gc, windows-amd64)
GC Precious Log:
 CardTable entry size: 512
 Card Set container configuration: InlinePtr #cards 5 size 8 Array Of Cards #cards 12 size 40 Howl #buckets 4 coarsen threshold 1843 Howl Bitmap #cards 512 size 80 coarsen threshold 460 Card regions per heap region 1 cards per card region 2048
 CPUs: 8 total, 8 available
 Memory: 6017M
 Large Page Support: Disabled
 NUMA Support: Disabled
 Compressed Oops: Enabled (32-bit)
 Heap Region Size: 1M
 Heap Min Capacity: 8M
 Heap Initial Capacity: 96M
 Heap Max Capacity: 2G
 Pre-touch: Disabled
 Parallel Workers: 8
 Concurrent Workers: 2
 Concurrent Refinement Workers: 8
 Periodic GC: Disabled
Heap:
 garbage-first heap   total 339968K, used 230258K [0x0000000080000000, 0x0000000100000000)
  region size 1024K, 14 young (14336K), 9 survivors (9216K)
 Metaspace       used 146981K, committed 149440K, reserved 1179648K
  class space    used 19084K, committed 20352K, reserved 1048576K
GC Heap History (20 events):
Event: 35.074 GC heap before
{Heap before GC invocations=45 (full 0):
 garbage-first heap   total 283648K, used 257072K [0x0000000080000000, 0x0000000100000000)
  region size 1024K, 91 young (93184K), 10 survivors (10240K)
 Metaspace       used 117105K, committed 119360K, reserved 1179648K
  class space    used 15649K, committed 16768K, reserved 1048576K
}
Event: 35.083 GC heap after
{Heap after GC invocations=46 (full 0):
 garbage-first heap   total 283648K, used 177280K [0x0000000080000000, 0x0000000100000000)
  region size 1024K, 10 young (10240K), 10 survivors (10240K)
 Metaspace       used 117105K, committed 119360K, reserved 1179648K
  class space    used 15649K, committed 16768K, reserved 1048576K
}
Event: 36.504 GC heap before
{Heap before GC invocations=47 (full 0):
 garbage-first heap   total 296960K, used 257152K [0x0000000080000000, 0x0000000100000000)
  region size 1024K, 88 young (90112K), 10 survivors (10240K)
 Metaspace       used 117105K, committed 119360K, reserved 1179648K
  class space    used 15649K, committed 16768K, reserved 1048576K
}
Event: 36.516 GC heap after
{Heap after GC invocations=48 (full 0):
 garbage-first heap   total 296960K, used 181722K [0x0000000080000000, 0x0000000100000000)
  region size 1024K, 10 young (10240K), 10 survivors (10240K)
 Metaspace       used 117105K, committed 119360K, reserved 1179648K
  class space    used 15649K, committed 16768K, reserved 1048576K
}
Event: 37.555 GC heap before
{Heap before GC invocations=48 (full 0):
 garbage-first heap   total 296960K, used 270810K [0x0000000080000000, 0x0000000100000000)
  region size 1024K, 97 young (99328K), 10 survivors (10240K)
 Metaspace       used 117105K, committed 119360K, reserved 1179648K
  class space    used 15649K, committed 16768K, reserved 1048576K
}
Event: 37.569 GC heap after
{Heap after GC invocations=49 (full 0):
 garbage-first heap   total 296960K, used 183803K [0x0000000080000000, 0x0000000100000000)
  region size 1024K, 10 young (10240K), 10 survivors (10240K)
 Metaspace       used 117105K, committed 119360K, reserved 1179648K
  class space    used 15649K, committed 16768K, reserved 1048576K
}
Event: 38.266 GC heap before
{Heap before GC invocations=49 (full 0):
 garbage-first heap   total 296960K, used 230907K [0x0000000080000000, 0x0000000100000000)
  region size 1024K, 58 young (59392K), 10 survivors (10240K)
 Metaspace       used 117974K, committed 120192K, reserved 1179648K
  class space    used 15715K, committed 16832K, reserved 1048576K
}
Event: 38.275 GC heap after
{Heap after GC invocations=50 (full 0):
 garbage-first heap   total 296960K, used 186966K [0x0000000080000000, 0x0000000100000000)
  region size 1024K, 9 young (9216K), 9 survivors (9216K)
 Metaspace       used 117974K, committed 120192K, reserved 1179648K
  class space    used 15715K, committed 16832K, reserved 1048576K
}
Event: 39.826 GC heap before
{Heap before GC invocations=51 (full 0):
 garbage-first heap   total 316416K, used 272982K [0x0000000080000000, 0x0000000100000000)
  region size 1024K, 91 young (93184K), 9 survivors (9216K)
 Metaspace       used 127513K, committed 129792K, reserved 1179648K
  class space    used 16962K, committed 18112K, reserved 1048576K
}
Event: 39.837 GC heap after
{Heap after GC invocations=52 (full 0):
 garbage-first heap   total 316416K, used 190457K [0x0000000080000000, 0x0000000100000000)
  region size 1024K, 9 young (9216K), 9 survivors (9216K)
 Metaspace       used 127513K, committed 129792K, reserved 1179648K
  class space    used 16962K, committed 18112K, reserved 1048576K
}
Event: 41.310 GC heap before
{Heap before GC invocations=52 (full 0):
 garbage-first heap   total 316416K, used 289785K [0x0000000080000000, 0x0000000100000000)
  region size 1024K, 106 young (108544K), 9 survivors (9216K)
 Metaspace       used 130714K, committed 132992K, reserved 1179648K
  class space    used 17271K, committed 18432K, reserved 1048576K
}
Event: 41.325 GC heap after
{Heap after GC invocations=53 (full 0):
 garbage-first heap   total 316416K, used 196816K [0x0000000080000000, 0x0000000100000000)
  region size 1024K, 14 young (14336K), 14 survivors (14336K)
 Metaspace       used 130714K, committed 132992K, reserved 1179648K
  class space    used 17271K, committed 18432K, reserved 1048576K
}
Event: 42.382 GC heap before
{Heap before GC invocations=53 (full 0):
 garbage-first heap   total 316416K, used 283856K [0x0000000080000000, 0x0000000100000000)
  region size 1024K, 100 young (102400K), 14 survivors (14336K)
 Metaspace       used 131929K, committed 134272K, reserved 1179648K
  class space    used 17397K, committed 18560K, reserved 1048576K
}
Event: 42.401 GC heap after
{Heap after GC invocations=54 (full 0):
 garbage-first heap   total 316416K, used 203121K [0x0000000080000000, 0x0000000100000000)
  region size 1024K, 9 young (9216K), 9 survivors (9216K)
 Metaspace       used 131929K, committed 134272K, reserved 1179648K
  class space    used 17397K, committed 18560K, reserved 1048576K
}
Event: 44.367 GC heap before
{Heap before GC invocations=55 (full 0):
 garbage-first heap   total 339968K, used 287089K [0x0000000080000000, 0x0000000100000000)
  region size 1024K, 92 young (94208K), 9 survivors (9216K)
 Metaspace       used 139193K, committed 141632K, reserved 1179648K
  class space    used 18200K, committed 19392K, reserved 1048576K
}
Event: 44.388 GC heap after
{Heap after GC invocations=56 (full 0):
 garbage-first heap   total 339968K, used 209595K [0x0000000080000000, 0x0000000100000000)
  region size 1024K, 7 young (7168K), 7 survivors (7168K)
 Metaspace       used 139193K, committed 141632K, reserved 1179648K
  class space    used 18200K, committed 19392K, reserved 1048576K
}
Event: 63.166 GC heap before
{Heap before GC invocations=56 (full 0):
 garbage-first heap   total 339968K, used 313019K [0x0000000080000000, 0x0000000100000000)
  region size 1024K, 109 young (111616K), 7 survivors (7168K)
 Metaspace       used 143386K, committed 145792K, reserved 1179648K
  class space    used 18588K, committed 19776K, reserved 1048576K
}
Event: 63.194 GC heap after
{Heap after GC invocations=57 (full 0):
 garbage-first heap   total 339968K, used 216978K [0x0000000080000000, 0x0000000100000000)
  region size 1024K, 14 young (14336K), 14 survivors (14336K)
 Metaspace       used 143386K, committed 145792K, reserved 1179648K
  class space    used 18588K, committed 19776K, reserved 1048576K
}
Event: 66.851 GC heap before
{Heap before GC invocations=57 (full 0):
 garbage-first heap   total 339968K, used 306066K [0x0000000080000000, 0x0000000100000000)
  region size 1024K, 102 young (104448K), 14 survivors (14336K)
 Metaspace       used 146186K, committed 148736K, reserved 1179648K
  class space    used 18981K, committed 20288K, reserved 1048576K
}
Event: 66.883 GC heap after
{Heap after GC invocations=58 (full 0):
 garbage-first heap   total 339968K, used 226162K [0x0000000080000000, 0x0000000100000000)
  region size 1024K, 9 young (9216K), 9 survivors (9216K)
 Metaspace       used 146186K, committed 148736K, reserved 1179648K
  class space    used 18981K, committed 20288K, reserved 1048576K
}

